TN:
SF:src\router.ts
FN:139,(anonymous_0)
FN:201,(anonymous_1)
FNF:2
FNH:2
FNDA:4,(anonymous_0)
FNDA:5,(anonymous_1)
DA:1,2
DA:2,2
DA:3,2
DA:11,2
DA:13,2
DA:59,2
DA:89,2
DA:128,2
DA:139,4
DA:189,2
DA:201,5
DA:239,2
DA:274,2
DA:281,2
LF:14
LH:14
BRF:0
BRH:0
end_of_record
TN:
SF:src\server.ts
FN:9,connectDB
FNF:1
FNH:1
FNDA:3,connectDB
DA:1,2
DA:2,2
DA:3,2
DA:4,2
DA:5,2
DA:6,2
DA:9,2
DA:10,3
DA:11,3
DA:12,2
DA:16,1
DA:19,2
DA:21,2
DA:24,2
DA:26,2
DA:30,2
DA:36,2
LF:17
LH:17
BRF:0
BRH:0
end_of_record
TN:
SF:src\config\db.ts
FNF:0
FNH:0
DA:1,2
DA:2,2
DA:4,2
DA:6,2
DA:11,2
LF:5
LH:5
BRF:0
BRH:0
end_of_record
TN:
SF:src\config\swagger.ts
FNF:0
FNH:0
DA:1,2
DA:4,2
DA:31,2
DA:32,2
DA:47,2
DA:48,2
LF:6
LH:6
BRF:0
BRH:0
end_of_record
TN:
SF:src\handlers\product.ts
FN:4,(anonymous_1)
FN:13,(anonymous_2)
FN:29,(anonymous_3)
FN:38,(anonymous_4)
FN:54,(anonymous_5)
FN:70,(anonymous_6)
FNF:6
FNH:6
FNDA:2,(anonymous_1)
FNDA:2,(anonymous_2)
FNDA:1,(anonymous_3)
FNDA:2,(anonymous_4)
FNDA:2,(anonymous_5)
FNDA:2,(anonymous_6)
DA:2,2
DA:4,2
DA:5,2
DA:6,2
DA:7,2
DA:9,0
DA:13,2
DA:14,2
DA:15,2
DA:16,2
DA:18,2
DA:19,1
DA:20,1
DA:23,1
DA:25,0
DA:29,2
DA:30,1
DA:31,1
DA:32,1
DA:34,0
DA:38,2
DA:39,2
DA:40,2
DA:42,2
DA:43,1
DA:44,1
DA:48,1
DA:49,1
DA:51,1
DA:54,2
DA:55,2
DA:56,2
DA:58,2
DA:59,1
DA:60,1
DA:64,1
DA:65,1
DA:67,1
DA:70,2
DA:71,2
DA:72,2
DA:74,2
DA:75,1
DA:76,1
DA:80,1
DA:81,1
LF:46
LH:43
BRDA:18,0,0,1
BRDA:18,0,1,1
BRDA:42,1,0,1
BRDA:42,1,1,1
BRDA:58,2,0,1
BRDA:58,2,1,1
BRDA:74,3,0,1
BRDA:74,3,1,1
BRF:8
BRH:8
end_of_record
TN:
SF:src\middleware\index.ts
FN:4,(anonymous_0)
FNF:1
FNH:1
FNDA:15,(anonymous_0)
DA:2,2
DA:4,2
DA:9,15
DA:10,15
DA:11,8
DA:12,8
DA:14,7
LF:7
LH:7
BRDA:10,0,0,8
BRDA:10,0,1,7
BRF:2
BRH:2
end_of_record
TN:
SF:src\models\Product.model.ts
FNF:0
FNH:0
DA:1,3
DA:6,3
DA:8,3
DA:11,3
DA:15,3
DA:18,3
LF:6
LH:6
BRF:0
BRH:0
end_of_record
